<?xml version="1.0" encoding="UTF-8"?>
<!-- Generated by org.testng.reporters.JUnitReportReporter -->
<testsuite skipped="0" hostname="DESKTOP-F5S8TBK" name="org.qa.testCases.Multiplemethods" tests="3" failures="0" timestamp="2022-02-28T19:11:48 IST" time="0.017" errors="0">
  <testcase name="test1" time="0.011" classname="org.qa.testCases.Multiplemethods"/>
  <system-out/>
  <testcase name="test2" time="0.003" classname="org.qa.testCases.Multiplemethods"/>
  <system-out/>
  <testcase name="test3" time="0.003" classname="org.qa.testCases.Multiplemethods"/>
  <system-out/>
</testsuite> <!-- org.qa.testCases.Multiplemethods -->
