<?xml version="1.0" encoding="UTF-8"?>
<!-- Generated by org.testng.reporters.JUnitReportReporter -->
<testsuite skipped="0" hostname="DESKTOP-F5S8TBK" name="org.qa.testCases.PrioritiesEx2" tests="5" failures="0" timestamp="2022-02-28T19:56:43 IST" time="0.022" errors="0">
  <testcase name="loginMethod" time="0.010" classname="org.qa.testCases.PrioritiesEx2"/>
  <system-out/>
  <testcase name="UpdateMethod" time="0.005" classname="org.qa.testCases.PrioritiesEx2"/>
  <system-out/>
  <testcase name="LoginMethod" time="0.003" classname="org.qa.testCases.PrioritiesEx2"/>
  <system-out/>
  <testcase name="DeleteMethod" time="0.002" classname="org.qa.testCases.PrioritiesEx2"/>
  <system-out/>
  <testcase name="CreateMethod" time="0.002" classname="org.qa.testCases.PrioritiesEx2"/>
  <system-out/>
</testsuite> <!-- org.qa.testCases.PrioritiesEx2 -->
