<?xml version="1.0" encoding="UTF-8"?>
<!-- Generated by org.testng.reporters.JUnitReportReporter -->
<testsuite skipped="0" hostname="DESKTOP-F5S8TBK" name="org.qa.testCases.Ex2" tests="1" failures="0" timestamp="2022-02-28T18:08:35 IST" time="0.012" errors="0">
  <testcase name="SimpleMethod" time="0.012" classname="org.qa.testCases.Ex2"/>
  <system-out/>
</testsuite> <!-- org.qa.testCases.Ex2 -->
