<?xml version="1.0" encoding="UTF-8"?>
<!-- Generated by org.testng.reporters.JUnitReportReporter -->
<testsuite skipped="0" hostname="DESKTOP-F5S8TBK" name="org.qa.testCases.NewTest" tests="1" failures="0" timestamp="2022-02-28T18:00:35 IST" time="0.047" errors="0">
  <testcase name="f" time="0.047" classname="org.qa.testCases.NewTest"/>
  <system-out/>
</testsuite> <!-- org.qa.testCases.NewTest -->
