<?xml version="1.0" encoding="UTF-8"?>
<!-- Generated by org.testng.reporters.JUnitReportReporter -->
<testsuite skipped="0" hostname="DESKTOP-F5S8TBK" name="org.qa.testCases.ParallelExecutionEx1" tests="2" failures="0" timestamp="2022-03-01T20:55:47 IST" time="56.042" errors="0">
  <testcase name="browserURL" time="31.537" classname="org.qa.testCases.ParallelExecutionEx1"/>
  <system-out/>
  <testcase name="browserURL1" time="24.505" classname="org.qa.testCases.ParallelExecutionEx1"/>
  <system-out/>
</testsuite> <!-- org.qa.testCases.ParallelExecutionEx1 -->
