<?xml version="1.0" encoding="UTF-8"?>
<!-- Generated by org.testng.reporters.JUnitReportReporter -->
<testsuite skipped="0" hostname="DESKTOP-F5S8TBK" name="org.qa.testCases.invocationCount" tests="2" failures="0" timestamp="2022-03-01T18:10:10 IST" time="41.876" errors="0">
  <testcase name="browserURL" time="20.976" classname="org.qa.testCases.invocationCount"/>
  <system-out/>
  <testcase name="browserURL" time="20.900" classname="org.qa.testCases.invocationCount"/>
  <system-out/>
</testsuite> <!-- org.qa.testCases.invocationCount -->
