<?xml version="1.0" encoding="UTF-8"?>
<!-- Generated by org.testng.reporters.JUnitReportReporter -->
<testsuite skipped="0" hostname="DESKTOP-F5S8TBK" name="org.qa.testCases.BasicEx2" tests="2" failures="0" timestamp="2022-02-28T19:32:13 IST" time="0.012" errors="0">
  <testcase name="SimpleMethod1" time="0.010" classname="org.qa.testCases.BasicEx2"/>
  <system-out/>
  <testcase name="SimpleMethod2" time="0.002" classname="org.qa.testCases.BasicEx2"/>
  <system-out/>
</testsuite> <!-- org.qa.testCases.BasicEx2 -->
