<?xml version="1.0" encoding="UTF-8"?>
<!-- Generated by org.testng.reporters.JUnitReportReporter -->
<testsuite skipped="0" hostname="DESKTOP-F5S8TBK" name="org.qa.testCases.PrioritiesEx1" tests="5" failures="0" timestamp="2022-02-28T19:17:26 IST" time="0.027" errors="0">
  <testcase name="CreateMethod" time="0.012" classname="org.qa.testCases.PrioritiesEx1"/>
  <system-out/>
  <testcase name="loginMethod" time="0.004" classname="org.qa.testCases.PrioritiesEx1"/>
  <system-out/>
  <testcase name="DeleteMethod" time="0.002" classname="org.qa.testCases.PrioritiesEx1"/>
  <system-out/>
  <testcase name="UpdateMethod" time="0.006" classname="org.qa.testCases.PrioritiesEx1"/>
  <system-out/>
  <testcase name="LoginMethod" time="0.003" classname="org.qa.testCases.PrioritiesEx1"/>
  <system-out/>
</testsuite> <!-- org.qa.testCases.PrioritiesEx1 -->
