<?xml version="1.0" encoding="UTF-8"?>
<!-- Generated by org.testng.reporters.JUnitReportReporter -->
<testsuite skipped="0" hostname="DESKTOP-F5S8TBK" name="org.qa.testCases.SequenceOfAnnotations" tests="2" failures="0" timestamp="2022-03-01T14:08:34 IST" time="0.020" errors="0">
  <testcase name="TestMethod2" time="0.004" classname="org.qa.testCases.SequenceOfAnnotations"/>
  <system-out/>
  <testcase name="TestMethod1" time="0.016" classname="org.qa.testCases.SequenceOfAnnotations"/>
  <system-out/>
</testsuite> <!-- org.qa.testCases.SequenceOfAnnotations -->
