<?xml version="1.0" encoding="UTF-8"?>
<!-- Generated by org.testng.reporters.JUnitReportReporter -->
<testsuite skipped="0" hostname="DESKTOP-F5S8TBK" name="org.qa.testCases.SequenceEx1" tests="6" failures="0" timestamp="2022-02-28T19:28:57 IST" time="0.024" errors="0">
  <testcase name="CreateMethod" time="0.010" classname="org.qa.testCases.SequenceEx1"/>
  <system-out/>
  <testcase name="createMethod" time="0.004" classname="org.qa.testCases.SequenceEx1"/>
  <system-out/>
  <testcase name="DeleteMethod" time="0.003" classname="org.qa.testCases.SequenceEx1"/>
  <system-out/>
  <testcase name="UpdateMethod" time="0.002" classname="org.qa.testCases.SequenceEx1"/>
  <system-out/>
  <testcase name="LoginMethod" time="0.003" classname="org.qa.testCases.SequenceEx1"/>
  <system-out/>
  <testcase name="loginMethod" time="0.002" classname="org.qa.testCases.SequenceEx1"/>
  <system-out/>
</testsuite> <!-- org.qa.testCases.SequenceEx1 -->
